
timestep : 0
out: 
 [[1.5208990e-11 1.9312133e-04 1.5135531e-04 9.9965537e-01 5.8703287e-09
  1.2906506e-10 6.3350844e-12 7.5102286e-11 8.7852739e-11 3.5313745e-11
  1.3092266e-07]
 [1.5208990e-11 1.9312133e-04 1.5135531e-04 9.9965537e-01 5.8703287e-09
  1.2906506e-10 6.3350844e-12 7.5102286e-11 8.7852739e-11 3.5313745e-11
  1.3092266e-07]
 [1.5208990e-11 1.9312133e-04 1.5135531e-04 9.9965537e-01 5.8703287e-09
  1.2906506e-10 6.3350844e-12 7.5102286e-11 8.7852739e-11 3.5313745e-11
  1.3092266e-07]]
out_top_K: 
 [[2 1 3]
 [2 1 3]
 [2 1 3]]
decoder_result" 
 [[2]
 [1]
 [3]]
 
timestep : 1
out: 
 [[8.0188529e-11 9.9692827e-01 4.4749668e-06 3.0109896e-03 3.1559953e-08
  1.0624376e-08 3.6392289e-10 3.4723271e-10 1.9313202e-08 7.8745849e-08
  5.6290581e-05]
 [1.0279514e-10 9.9604118e-01 7.7543882e-06 3.8988767e-03 4.2854339e-08
  9.2427763e-09 4.7058057e-10 4.4319556e-10 2.0409319e-08 8.4974289e-08
  5.2088017e-05]
 [7.3799918e-11 9.9829024e-01 4.5376923e-06 1.6647760e-03 2.5040318e-08
  7.6452551e-09 3.5497344e-10 3.3578093e-10 2.2257138e-08 8.0595967e-08
  4.0364790e-05]]
r: 
 [[1 1]
 [2 1]
 [0 1]]
decoder_result" 
 [[1 1]
 [3 1]
 [2 1]]
timestep : 2
out: 
 [[2.25326424e-08 6.12644970e-01 2.17571072e-02 3.65471661e-01
  3.25889996e-05 2.23277027e-07 7.23885236e-08 1.83937004e-07
  1.21953363e-07 5.31068727e-05 3.99723576e-05]
 [2.29841426e-08 6.33347332e-01 2.29923949e-02 3.43534172e-01
  3.47015448e-05 2.02550680e-07 7.97316559e-08 1.80126619e-07
  1.03963764e-07 5.16033906e-05 3.91848153e-05]
 [2.90735667e-08 5.99225044e-01 3.02646235e-02 3.70346457e-01
  4.45389087e-05 2.88702523e-07 1.08936995e-07 2.71502330e-07
  1.69829221e-07 7.70809129e-05 4.14741808e-05]]
r: 
 [[2 1]
 [0 1]
 [1 1]]
decoder_result" 
 [[2 1 1]
 [1 1 1]
 [3 1 1]]
timestep : 3
out: 
 [[9.4254472e-05 4.5769966e-01 6.3842060e-03 5.0654036e-01 2.3803851e-02
  2.0301060e-05 1.0354746e-05 4.2196680e-05 2.6920614e-07 3.1715443e-03
  2.2329837e-03]
 [1.0338021e-04 4.6870881e-01 8.8582458e-03 4.9203697e-01 2.4701783e-02
  1.9500245e-05 1.2208488e-05 5.2274048e-05 2.8744060e-07 3.4107517e-03
  2.0959275e-03]
 [1.7262074e-04 4.3374330e-01 8.2490426e-03 5.1650131e-01 3.4409009e-02
  2.8706212e-05 1.8987230e-05 6.5124834e-05 3.8432515e-07 4.5127580e-03
  2.2988745e-03]]
r: 
 [[1 3]
 [0 3]
 [2 3]]
decoder_result" 
 [[1 1 1 3]
 [2 1 1 3]
 [3 1 1 3]]
timestep : 4
out: 
 [[9.99523401e-01 1.21449011e-04 1.41720366e-05 1.95312623e-05
  3.17510305e-04 1.79373330e-07 2.19724484e-06 1.00507464e-06
  6.53137822e-10 4.42108615e-07 1.82792419e-07]
 [9.99527276e-01 1.21932775e-04 1.61359567e-05 1.72200471e-05
  3.13237892e-04 1.56223251e-07 2.32825778e-06 1.11503891e-06
  6.22601470e-10 4.14100043e-07 1.76761390e-07]
 [9.99655008e-01 9.75645598e-05 1.24859462e-05 1.18976241e-05
  2.19655078e-04 1.04820792e-07 1.91912568e-06 8.78605874e-07
  4.61732902e-10 2.58627722e-07 1.22328487e-07]]
r: 
 [[0 0]
 [1 0]
 [2 0]]
decoder_result" 
 [[1 1 1 3 0]
 [2 1 1 3 0]
 [3 1 1 3 0]]
timestep : 5
out: 
 [[5.5547040e-05 9.9963427e-01 1.8455443e-04 3.6364523e-05 8.6829947e-05
  6.6182735e-09 1.9411944e-08 4.9899128e-08 2.2699348e-10 4.5908891e-10
  2.4253925e-06]
 [5.8419238e-05 9.9958712e-01 2.0993294e-04 3.9376908e-05 1.0239829e-04
  6.9201977e-09 1.9742410e-08 5.3476995e-08 2.3975683e-10 4.4344700e-10
  2.6908504e-06]
 [4.6008245e-05 9.9962080e-01 2.1578104e-04 3.4980167e-05 7.9600548e-05
  5.1754276e-09 1.5882303e-08 5.1241813e-08 2.5285146e-10 4.0783499e-10
  2.7230535e-06]]
r: 
 [[1 1]
 [2 1]
 [0 1]]
decoder_result" 
 [[2 1 1 3 0 1]
 [3 1 1 3 0 1]
 [1 1 1 3 0 1]]
timestep : 6
out: 
 [[2.0243868e-03 1.1163511e-03 2.1507897e-04 1.4793153e-01 8.3488309e-01
  2.5822146e-05 2.5783682e-05 2.1461031e-04 1.8591526e-06 3.4505645e-06
  1.3558174e-02]
 [1.9180138e-03 1.0292199e-03 2.0833571e-04 1.5282866e-01 8.2921708e-01
  2.6975007e-05 2.3206439e-05 1.8045839e-04 1.7480356e-06 3.2965015e-06
  1.4563043e-02]
 [1.9416312e-03 9.7610190e-04 2.2026552e-04 1.7303605e-01 8.0713350e-01
  2.5133764e-05 2.3685026e-05 2.3075673e-04 2.2110903e-06 3.5845760e-06
  1.6407141e-02]]
r: 
 [[2 4]
 [0 4]
 [1 4]]
decoder_result" 
 [[1 1 1 3 0 1 4]
 [2 1 1 3 0 1 4]
 [3 1 1 3 0 1 4]]
timestep : 7
out: 
 [[9.9970239e-01 8.9161322e-06 2.8608983e-07 5.8286252e-05 2.2880665e-04
  1.5154846e-07 1.7523884e-07 1.5659681e-07 2.8674912e-10 1.7805976e-10
  8.0215426e-07]
 [9.9967378e-01 8.8329516e-06 3.1818828e-07 5.8118956e-05 2.5765778e-04
  1.7444628e-07 1.8618280e-07 1.5187707e-07 3.1335287e-10 1.9411713e-10
  8.8991192e-07]
 [9.9970096e-01 8.8611350e-06 3.1433268e-07 5.4734399e-05 2.3386939e-04
  1.4705215e-07 1.8003817e-07 1.5830160e-07 3.2239209e-10 1.7733172e-10
  7.7719710e-07]]
r: 
 [[1 0]
 [2 0]
 [0 0]]
decoder_result" 
 [[2 1 1 3 0 1 4 0]
 [3 1 1 3 0 1 4 0]
 [1 1 1 3 0 1 4 0]]
timestep : 8
out: 
 [[8.31852321e-06 9.99460161e-01 1.31546085e-05 3.74212686e-04
  1.20694567e-04 2.44505518e-08 6.04122352e-09 2.44890828e-08
  1.91483651e-09 3.73482051e-10 2.34968138e-05]
 [8.82612585e-06 9.99432385e-01 1.46854891e-05 3.72993643e-04
  1.47143568e-04 2.80427646e-08 6.84658508e-09 2.39129356e-08
  1.96481764e-09 4.03953287e-10 2.37995137e-05]
 [7.41979284e-06 9.99497890e-01 1.36504314e-05 3.28173104e-04
  1.30282438e-04 2.44516052e-08 6.45296083e-09 2.41689051e-08
  2.09408957e-09 4.13372475e-10 2.24596879e-05]]
r: 
 [[1 1]
 [2 1]
 [0 1]]
decoder_result" 
 [[3 1 1 3 0 1 4 0 1]
 [1 1 1 3 0 1 4 0 1]
 [2 1 1 3 0 1 4 0 1]]
timestep : 9
out: 
 [[9.4420000e-05 8.1688976e-03 2.2407668e-04 3.5976872e-02 4.7789204e-01
  1.7447496e-03 4.4839369e-05 3.2974727e-05 2.1204665e-04 4.5008489e-04
  4.7515899e-01]
 [8.7276741e-05 7.1220081e-03 2.1277912e-04 3.0141117e-02 5.8567345e-01
  1.7951292e-03 4.9359594e-05 2.6706761e-05 1.7279560e-04 4.0473897e-04
  3.7431464e-01]
 [8.3189698e-05 6.3947975e-03 2.0899877e-04 2.6019100e-02 5.8640510e-01
  1.6765289e-03 5.5000724e-05 3.1598971e-05 2.0390507e-04 5.1053724e-04
  3.7841123e-01]]
r: 
 [[0 4]
 [1 4]
 [2 4]]
decoder_result" 
 [[3 1 1 3 0 1 4 0 1 4]
 [1 1 1 3 0 1 4 0 1 4]
 [2 1 1 3 0 1 4 0 1 4]]
source: 3rd of March 2002
output: 2002-03-03
source: 3rd of March 2002
output: 0002-03-03
source: 3rd of March 2002
output: 1002-03-03

Process finished with exit code 0
