E:\anaconda\python.exe "E:/python package/python-project/统计学习方法/DeepLearningApp/Machine Translation/machine_translation_with_attention_xrh.py"
2021-10-19 15:25:06.893292: I tensorflow/stream_executor/platform/default/dso_loader.cc:44] Successfully opened dynamic library cudart64_102.dll
100%|██████████| 10000/10000 [00:00<00:00, 21185.23it/s]
[('9 may 1998', '1998-05-09'), ('10.11.19', '2019-11-10'), ('9/10/70', '1970-09-10'), ('saturday april 28 1990', '1990-04-28'), ('thursday january 26 1995', '1995-01-26')]
{' ': 0, '.': 1, '/': 2, '0': 3, '1': 4, '2': 5, '3': 6, '4': 7, '5': 8, '6': 9, '7': 10, '8': 11, '9': 12, 'a': 13, 'b': 14, 'c': 15, 'd': 16, 'e': 17, 'f': 18, 'g': 19, 'h': 20, 'i': 21, 'j': 22, 'l': 23, 'm': 24, 'n': 25, 'o': 26, 'p': 27, 'r': 28, 's': 29, 't': 30, 'u': 31, 'v': 32, 'w': 33, 'y': 34, '<unk>': 35, '<pad>': 36}
{'-': 0, '0': 1, '1': 2, '2': 3, '3': 4, '4': 5, '5': 6, '6': 7, '7': 8, '8': 9, '9': 10}
X.shape: (8000, 30)
Y.shape: (8000, 10)
Xoh.shape: (8000, 30, 37)
Yoh.shape: (8000, 10, 11)

source: december 21 1978
candidates:
 ['2978-12-21', '1978-12-21', '9978-12-21']
i:0, best_result:(1.0, '08 oct 2014', '2014-10-08', '2014-10-08')
i:1, best_result:(1.0, 'july 26 2018', '2018-07-26', '2018-07-26')
i:2, best_result:(1.0, '18 oct 1979', '1979-10-18', '1979-10-18')
i:3, best_result:(1.0, '26 feb 2008', '2008-02-26', '2008-02-26')
i:4, best_result:(1.0, '9 apr 2008', '2008-04-09', '2008-04-09')
i:5, best_result:(1.0, '24 jun 1987', '1987-06-24', '1987-06-24')
i:6, best_result:(1.0, 'march 8 1985', '1985-03-08', '1985-03-08')
i:7, best_result:(1.0, '4 may 1999', '1999-05-04', '1999-05-04')
i:8, best_result:(1.0, '02 may 2012', '2012-05-02', '2012-05-02')
i:9, best_result:(1.0, 'wednesday march 24 1971', '1971-03-24', '1971-03-24')
i:10, best_result:(1.0, '21 oct 1997', '1997-10-21', '1997-10-21')
i:11, best_result:(1.0, 'july 6 2018', '2018-07-06', '2018-07-06')
i:12, best_result:(1.0, '29 06 99', '1999-06-29', '1999-06-29')
i:13, best_result:(1.0, 'saturday august 4 1984', '1984-08-04', '1984-08-04')
i:14, best_result:(1.0, '19 dec 1981', '1981-12-19', '1981-12-19')
i:15, best_result:(1.0, 'june 11 1992', '1992-06-11', '1992-06-11')
i:16, best_result:(1.0, 'november 16 1991', '1991-11-16', '1991-11-16')
i:17, best_result:(1.0, '6 march 2001', '2001-03-06', '2001-03-06')
i:18, best_result:(1.0, 'sunday july 14 2002', '2002-07-14', '2002-07-14')
i:19, best_result:(1.0, 'wednesday october 29 1986', '1986-10-29', '1986-10-29')
i:20, best_result:(1.0, 'wednesday july 7 2021', '2021-07-07', '2021-07-07')
i:21, best_result:(1.0, 'wednesday june 28 1978', '1978-06-28', '1978-06-28')
i:22, best_result:(1.0, '5 july 2017', '2017-07-05', '2017-07-05')
i:23, best_result:(1.0, 'wednesday july 23 2003', '2003-07-23', '2003-07-23')
i:24, best_result:(1.0, '7 may 1999', '1999-05-07', '1999-05-07')
i:25, best_result:(1.0, 'wednesday march 8 2000', '2000-03-08', '2000-03-08')
i:26, best_result:(1.0, 'monday february 15 1999', '1999-02-15', '1999-02-15')
i:27, best_result:(1.0, 'sunday december 28 2003', '2003-12-28', '2003-12-28')
i:28, best_result:(1.0, 'october 2 1991', '1991-10-02', '1991-10-02')
i:29, best_result:(1.0, 'sunday july 14 2019', '2019-07-14', '2019-07-14')
i:30, best_result:(1.0, '17 may 1993', '1993-05-17', '1993-05-17')
i:31, best_result:(1.0, 'monday october 10 1994', '1994-10-10', '1994-10-10')
i:32, best_result:(1.0, 'friday october 15 2010', '2010-10-15', '2010-10-15')
i:33, best_result:(1.0, '12 may 1978', '1978-05-12', '1978-05-12')
i:34, best_result:(1.0, 'jul 19 1971', '1971-07-19', '1971-07-19')
i:35, best_result:(1.0, 'sunday november 27 1983', '1983-11-27', '1983-11-27')
i:36, best_result:(1.0, '08 oct 2007', '2007-10-08', '2007-10-08')
i:37, best_result:(1.0, 'december 1 1980', '1980-12-01', '1980-12-01')
i:38, best_result:(1.0, 'dec 25 2002', '2002-12-25', '2002-12-25')
i:39, best_result:(1.0, 'sunday march 12 2000', '2000-03-12', '2000-03-12')
i:40, best_result:(1.0, 'monday september 6 1982', '1982-09-06', '1982-09-06')
i:41, best_result:(1.0, 'wednesday november 25 2015', '2015-11-25', '2015-11-25')
i:42, best_result:(1.0, 'august 5 1993', '1993-08-05', '1993-08-05')
i:43, best_result:(1.0, 'monday july 22 1996', '1996-07-22', '1996-07-22')
i:44, best_result:(1.0, '27.04.87', '1987-04-27', '1987-04-27')
i:45, best_result:(1.0, 'sunday august 20 2006', '2006-08-20', '2006-08-20')
i:46, best_result:(1.0, 'august 20 1974', '1974-08-20', '1974-08-20')
i:47, best_result:(1.0, 'april 15 2016', '2016-04-15', '2016-04-15')
i:48, best_result:(1.0, 'sunday march 15 1987', '1987-03-15', '1987-03-15')
i:49, best_result:(1.0, 'wednesday october 11 1972', '1972-10-11', '1972-10-11')
i:50, best_result:(1.0, '25 feb 1978', '1978-02-25', '1978-02-25')
i:51, best_result:(1.0, '12 feb 2018', '2018-02-12', '2018-02-12')
i:52, best_result:(1.0, 'saturday april 13 2019', '2019-04-13', '2019-04-13')
i:53, best_result:(1.0, 'may 22 2007', '2007-05-22', '2007-05-22')
i:54, best_result:(1.0, 'tuesday april 27 1982', '1982-04-27', '1982-04-27')
i:55, best_result:(1.0, 'may 17 2019', '2019-05-17', '2019-05-17')
i:56, best_result:(1.0, 'friday june 18 1971', '1971-06-18', '1971-06-18')
i:57, best_result:(1.0, 'sunday june 2 1996', '1996-06-02', '1996-06-02')
i:58, best_result:(1.0, '25 jun 2002', '2002-06-25', '2002-06-25')
i:59, best_result:(0.6580370064762462, '3/19/17', '2017-03-19', '2017-01-19')
i:60, best_result:(1.0, 'thursday july 31 1975', '1975-07-31', '1975-07-31')
i:61, best_result:(1.0, '18 jun 2010', '2010-06-18', '2010-06-18')
i:62, best_result:(1.0, 'monday september 26 2011', '2011-09-26', '2011-09-26')
i:63, best_result:(1.0, 'saturday march 7 1970', '1970-03-07', '1970-03-07')
i:64, best_result:(1.0, '16 nov 1985', '1985-11-16', '1985-11-16')
i:65, best_result:(1.0, '29 sep 1988', '1988-09-29', '1988-09-29')
i:66, best_result:(1.0, '6/6/15', '2015-06-06', '2015-06-06')
i:67, best_result:(1.0, '3/18/73', '1973-03-18', '1973-03-18')
i:68, best_result:(1.0, 'wednesday september 22 1993', '1993-09-22', '1993-09-22')
i:69, best_result:(1.0, 'saturday august 7 2010', '2010-08-07', '2010-08-07')
i:70, best_result:(1.0, 'thursday january 6 1983', '1983-01-06', '1983-01-06')
i:71, best_result:(1.0, 'thursday october 8 1987', '1987-10-08', '1987-10-08')
i:72, best_result:(1.0, 'july 26 1997', '1997-07-26', '1997-07-26')
i:73, best_result:(1.0, 'sunday october 28 2012', '2012-10-28', '2012-10-28')
i:74, best_result:(1.0, 'august 31 2003', '2003-08-31', '2003-08-31')
i:75, best_result:(1.0, 'wednesday march 29 2017', '2017-03-29', '2017-03-29')
i:76, best_result:(1.0, 'friday june 18 2021', '2021-06-18', '2021-06-18')
i:77, best_result:(1.0, 'tuesday november 14 2006', '2006-11-14', '2006-11-14')
i:78, best_result:(1.0, '29 mar 1995', '1995-03-29', '1995-03-29')
i:79, best_result:(1.0, 'december 12 1984', '1984-12-12', '1984-12-12')
i:80, best_result:(1.0, '17.11.85', '1985-11-17', '1985-11-17')
i:81, best_result:(1.0, 'tuesday december 29 1970', '1970-12-29', '1970-12-29')
i:82, best_result:(1.0, 'tuesday march 24 1970', '1970-03-24', '1970-03-24')
i:83, best_result:(1.0, '15.04.76', '1976-04-15', '1976-04-15')
i:84, best_result:(1.0, '22 september 2004', '2004-09-22', '2004-09-22')
i:85, best_result:(1.0, '22 august 1983', '1983-08-22', '1983-08-22')
i:86, best_result:(1.0, '24 oct 2009', '2009-10-24', '2009-10-24')
i:87, best_result:(1.0, '9/3/13', '2013-09-03', '2013-09-03')
i:88, best_result:(1.0, 'october 15 2008', '2008-10-15', '2008-10-15')
i:89, best_result:(1.0, '23 june 2009', '2009-06-23', '2009-06-23')
i:90, best_result:(1.0, '07 feb 1982', '1982-02-07', '1982-02-07')
i:91, best_result:(1.0, '13 apr 1970', '1970-04-13', '1970-04-13')
i:92, best_result:(1.0, 'august 14 2012', '2012-08-14', '2012-08-14')
i:93, best_result:(1.0, 'wednesday november 28 2012', '2012-11-28', '2012-11-28')
i:94, best_result:(1.0, 'october 14 1988', '1988-10-14', '1988-10-14')
i:95, best_result:(1.0, 'september 12 2018', '2018-09-12', '2018-09-12')
i:96, best_result:(1.0, 'september 29 2001', '2001-09-29', '2001-09-29')
i:97, best_result:(1.0, '12.09.98', '1998-09-12', '1998-09-12')
i:98, best_result:(1.0, 'friday april 3 1987', '1987-04-03', '1987-04-03')
i:99, best_result:(1.0, 'december 23 2017', '2017-12-23', '2017-12-23')
i:100, best_result:(1.0, '28 feb 1970', '1970-02-28', '1970-02-28')
i:101, best_result:(1.0, 'april 30 2017', '2017-04-30', '2017-04-30')
i:102, best_result:(1.0, '14 aug 1970', '1970-08-14', '1970-08-14')
i:103, best_result:(1.0, '13 may 1991', '1991-05-13', '1991-05-13')
i:104, best_result:(1.0, '16 03 97', '1997-03-16', '1997-03-16')
i:105, best_result:(1.0, 'saturday july 12 2014', '2014-07-12', '2014-07-12')
i:106, best_result:(1.0, '27 january 2016', '2016-01-27', '2016-01-27')
i:107, best_result:(1.0, '13 december 2014', '2014-12-13', '2014-12-13')
i:108, best_result:(1.0, 'thursday october 25 1984', '1984-10-25', '1984-10-25')
i:109, best_result:(1.0, 'tuesday july 22 1986', '1986-07-22', '1986-07-22')
i:110, best_result:(1.0, '21 march 1990', '1990-03-21', '1990-03-21')
i:111, best_result:(1.0, '3 october 1997', '1997-10-03', '1997-10-03')
i:112, best_result:(1.0, 'saturday july 8 2000', '2000-07-08', '2000-07-08')
i:113, best_result:(1.0, 'december 10 2003', '2003-12-10', '2003-12-10')
i:114, best_result:(1.0, 'sunday february 7 2021', '2021-02-07', '2021-02-07')
i:115, best_result:(1.0, '21 august 1997', '1997-08-21', '1997-08-21')
i:116, best_result:(1.0, 'dec 11 1970', '1970-12-11', '1970-12-11')
i:117, best_result:(1.0, '19 nov 2015', '2015-11-19', '2015-11-19')
i:118, best_result:(1.0, 'wednesday december 30 1970', '1970-12-30', '1970-12-30')
i:119, best_result:(1.0, 'may 13 2010', '2010-05-13', '2010-05-13')
i:120, best_result:(1.0, 'may 23 2005', '2005-05-23', '2005-05-23')
i:121, best_result:(1.0, 'sunday august 1 2004', '2004-08-01', '2004-08-01')
i:122, best_result:(1.0, 'tuesday june 25 2013', '2013-06-25', '2013-06-25')
i:123, best_result:(1.0, 'monday march 22 2004', '2004-03-22', '2004-03-22')
i:124, best_result:(1.0, '10 february 1991', '1991-02-10', '1991-02-10')
i:125, best_result:(1.0, '19 feb 2007', '2007-02-19', '2007-02-19')
i:126, best_result:(1.0, '19 sep 2015', '2015-09-19', '2015-09-19')
i:127, best_result:(1.0, '14 aug 1995', '1995-08-14', '1995-08-14')
i:128, best_result:(1.0, 'monday june 19 2006', '2006-06-19', '2006-06-19')
i:129, best_result:(1.0, '3 apr 1986', '1986-04-03', '1986-04-03')
i:130, best_result:(1.0, '27 mar 1971', '1971-03-27', '1971-03-27')
i:131, best_result:(1.0, 'november 16 2014', '2014-11-16', '2014-11-16')
i:132, best_result:(1.0, 'dec 16 2015', '2015-12-16', '2015-12-16')
i:133, best_result:(1.0, '26 apr 1985', '1985-04-26', '1985-04-26')
i:134, best_result:(1.0, '11 jun 2009', '2009-06-11', '2009-06-11')
i:135, best_result:(1.0, 'thursday august 30 2012', '2012-08-30', '2012-08-30')
i:136, best_result:(1.0, 'january 19 1994', '1994-01-19', '1994-01-19')
i:137, best_result:(1.0, 'tuesday may 31 1994', '1994-05-31', '1994-05-31')
i:138, best_result:(1.0, 'sunday june 22 1986', '1986-06-22', '1986-06-22')
i:139, best_result:(1.0, '20 february 2010', '2010-02-20', '2010-02-20')
i:140, best_result:(1.0, 'march 19 2010', '2010-03-19', '2010-03-19')
i:141, best_result:(1.0, '17 sep 1996', '1996-09-17', '1996-09-17')
i:142, best_result:(1.0, 'june 4 1979', '1979-06-04', '1979-06-04')
i:143, best_result:(1.0, '12 march 2000', '2000-03-12', '2000-03-12')
i:144, best_result:(1.0, 'monday december 11 1989', '1989-12-11', '1989-12-11')
i:145, best_result:(1.0, '13 may 2017', '2017-05-13', '2017-05-13')
i:146, best_result:(1.0, 'september 2 1973', '1973-09-02', '1973-09-02')
i:147, best_result:(1.0, '3 dec 2014', '2014-12-03', '2014-12-03')
i:148, best_result:(1.0, '31 aug 2006', '2006-08-31', '2006-08-31')
i:149, best_result:(1.0, '23 08 77', '1977-08-23', '1977-08-23')
i:150, best_result:(1.0, 'tuesday july 20 2010', '2010-07-20', '2010-07-20')
i:151, best_result:(1.0, '11.01.82', '1982-01-11', '1982-01-11')
i:152, best_result:(1.0, 'october 27 1997', '1997-10-27', '1997-10-27')
i:153, best_result:(1.0, '23 apr 2017', '2017-04-23', '2017-04-23')
i:154, best_result:(1.0, 'monday november 14 1988', '1988-11-14', '1988-11-14')
i:155, best_result:(1.0, 'monday may 19 1980', '1980-05-19', '1980-05-19')
i:156, best_result:(1.0, 'monday march 8 1982', '1982-03-08', '1982-03-08')
i:157, best_result:(1.0, 'october 5 2019', '2019-10-05', '2019-10-05')
i:158, best_result:(1.0, 'saturday december 23 2006', '2006-12-23', '2006-12-23')
i:159, best_result:(1.0, '12/17/70', '1970-12-17', '1970-12-17')
i:160, best_result:(1.0, 'monday october 4 1993', '1993-10-04', '1993-10-04')
i:161, best_result:(1.0, '06 jul 2021', '2021-07-06', '2021-07-06')
i:162, best_result:(1.0, '21 jan 2000', '2000-01-21', '2000-01-21')
i:163, best_result:(1.0, 'aug 4 2021', '2021-08-04', '2021-08-04')
i:164, best_result:(1.0, 'sunday november 19 1978', '1978-11-19', '1978-11-19')
i:165, best_result:(1.0, 'wednesday september 21 1977', '1977-09-21', '1977-09-21')
i:166, best_result:(1.0, '02.10.98', '1998-10-02', '1998-10-02')
i:167, best_result:(1.0, 'saturday july 1 1995', '1995-07-01', '1995-07-01')
i:168, best_result:(1.0, '20 06 75', '1975-06-20', '1975-06-20')
i:169, best_result:(1.0, '11.07.80', '1980-07-11', '1980-07-11')
i:170, best_result:(1.0, '23 nov 1980', '1980-11-23', '1980-11-23')
i:171, best_result:(1.0, 'sunday april 4 1982', '1982-04-04', '1982-04-04')
i:172, best_result:(1.0, 'july 29 1986', '1986-07-29', '1986-07-29')
i:173, best_result:(1.0, '11 mar 1983', '1983-03-11', '1983-03-11')
i:174, best_result:(1.0, '9/13/78', '1978-09-13', '1978-09-13')
i:175, best_result:(1.0, '9 jul 1974', '1974-07-09', '1974-07-09')
i:176, best_result:(1.0, 'wednesday november 18 2020', '2020-11-18', '2020-11-18')
i:177, best_result:(1.0, 'february 24 1975', '1975-02-24', '1975-02-24')
i:178, best_result:(1.0, '08 may 1997', '1997-05-08', '1997-05-08')
i:179, best_result:(1.0, 'friday december 8 2000', '2000-12-08', '2000-12-08')
i:180, best_result:(1.0, '10 feb 1994', '1994-02-10', '1994-02-10')
i:181, best_result:(1.0, 'wednesday august 21 2002', '2002-08-21', '2002-08-21')
i:182, best_result:(1.0, '16 january 2015', '2015-01-16', '2015-01-16')
i:183, best_result:(1.0, '29 jan 1998', '1998-01-29', '1998-01-29')
i:184, best_result:(1.0, 'saturday april 16 1988', '1988-04-16', '1988-04-16')
i:185, best_result:(1.0, '23 jul 1983', '1983-07-23', '1983-07-23')
i:186, best_result:(1.0, '15 jul 2011', '2011-07-15', '2011-07-15')
i:187, best_result:(1.0, 'friday october 19 2018', '2018-10-19', '2018-10-19')
i:188, best_result:(1.0, '9 march 1984', '1984-03-09', '1984-03-09')
i:189, best_result:(1.0, '1 oct 2011', '2011-10-01', '2011-10-01')
i:190, best_result:(1.0, '16 february 1979', '1979-02-16', '1979-02-16')
i:191, best_result:(1.0, 'monday june 21 1999', '1999-06-21', '1999-06-21')
i:192, best_result:(1.0, '6/5/87', '1987-06-05', '1987-06-05')
i:193, best_result:(1.0, 'tuesday january 19 1993', '1993-01-19', '1993-01-19')
i:194, best_result:(1.0, 'may 3 2015', '2015-05-03', '2015-05-03')
i:195, best_result:(1.0, 'wednesday june 9 1971', '1971-06-09', '1971-06-09')
i:196, best_result:(1.0, '11 jan 2009', '2009-01-11', '2009-01-11')
i:197, best_result:(1.0, 'saturday october 20 2018', '2018-10-20', '2018-10-20')
i:198, best_result:(1.0, '25 sep 2007', '2007-09-25', '2007-09-25')
i:199, best_result:(1.0, 'sep 2 1996', '1996-09-02', '1996-09-02')
average_bleu_score: 0.9982901850323813
